Wed, 14 Sep 2016 21:36:09, INFO [getTotalPages] start to get total url...
Wed, 14 Sep 2016 21:36:09, INFO [getTotalPages] http://www.dailianmeng.com/p2pblacklist/index.html
Wed, 14 Sep 2016 21:36:10, INFO [getTotalPages] getTotalPages end...
Wed, 14 Sep 2016 21:36:10, INFO [getUserUrls] start to get user url:	http://www.dailianmeng.com/p2pblacklist/index.html?ajax=yw0&P2pBlacklist_page=1
Wed, 14 Sep 2016 21:36:11, INFO [getUserUrls] start to get user url:	http://www.dailianmeng.com/p2pblacklist/index.html?ajax=yw0&P2pBlacklist_page=2
Wed, 14 Sep 2016 21:36:12, INFO [getUserUrls] start to get user url:	http://www.dailianmeng.com/p2pblacklist/index.html?ajax=yw0&P2pBlacklist_page=3
Wed, 14 Sep 2016 21:36:12, INFO [getUserUrls] start to get user url:	http://www.dailianmeng.com/p2pblacklist/index.html?ajax=yw0&P2pBlacklist_page=4
Wed, 14 Sep 2016 21:36:13, INFO [getUserUrls] start to get user url:	http://www.dailianmeng.com/p2pblacklist/index.html?ajax=yw0&P2pBlacklist_page=5
Wed, 14 Sep 2016 21:36:14, INFO [getUserUrls] start to get user url:	http://www.dailianmeng.com/p2pblacklist/index.html?ajax=yw0&P2pBlacklist_page=6
Wed, 14 Sep 2016 21:36:15, INFO [getUserUrls] start to get user url:	http://www.dailianmeng.com/p2pblacklist/index.html?ajax=yw0&P2pBlacklist_page=7
Wed, 14 Sep 2016 21:36:15, INFO [getUserUrls] start to get user url:	http://www.dailianmeng.com/p2pblacklist/index.html?ajax=yw0&P2pBlacklist_page=8
Wed, 14 Sep 2016 21:36:16, INFO [getUserUrls] start to get user url:	http://www.dailianmeng.com/p2pblacklist/index.html?ajax=yw0&P2pBlacklist_page=9
Wed, 14 Sep 2016 21:36:17, INFO [getUserUrls] start to get user url:	http://www.dailianmeng.com/p2pblacklist/index.html?ajax=yw0&P2pBlacklist_page=10
Wed, 14 Sep 2016 21:36:18, INFO [getUserUrls] start to get user url:	http://www.dailianmeng.com/p2pblacklist/index.html?ajax=yw0&P2pBlacklist_page=11
Wed, 14 Sep 2016 21:36:18, INFO [getUserUrls] start to get user url:	http://www.dailianmeng.com/p2pblacklist/index.html?ajax=yw0&P2pBlacklist_page=12
Wed, 14 Sep 2016 21:36:19, INFO [getUserUrls] start to get user url:	http://www.dailianmeng.com/p2pblacklist/index.html?ajax=yw0&P2pBlacklist_page=13
Wed, 14 Sep 2016 21:36:20, INFO [getUserUrls] start to get user url:	http://www.dailianmeng.com/p2pblacklist/index.html?ajax=yw0&P2pBlacklist_page=14
Wed, 14 Sep 2016 21:36:21, INFO [getUserUrls] start to get user url:	http://www.dailianmeng.com/p2pblacklist/index.html?ajax=yw0&P2pBlacklist_page=15
Wed, 14 Sep 2016 21:36:22, INFO [getUserUrls] start to get user url:	http://www.dailianmeng.com/p2pblacklist/index.html?ajax=yw0&P2pBlacklist_page=16
Wed, 14 Sep 2016 21:36:22, INFO [getUserUrls] start to get user url:	http://www.dailianmeng.com/p2pblacklist/index.html?ajax=yw0&P2pBlacklist_page=17
Wed, 14 Sep 2016 21:36:23, INFO [getUserUrls] start to get user url:	http://www.dailianmeng.com/p2pblacklist/index.html?ajax=yw0&P2pBlacklist_page=18
Wed, 14 Sep 2016 21:36:24, INFO [getUserUrls] start to get user url:	http://www.dailianmeng.com/p2pblacklist/index.html?ajax=yw0&P2pBlacklist_page=19
Wed, 14 Sep 2016 21:36:25, INFO [getUserUrls] start to get user url:	http://www.dailianmeng.com/p2pblacklist/index.html?ajax=yw0&P2pBlacklist_page=20
Wed, 14 Sep 2016 21:36:25, INFO [getUserUrls] start to get user url:	http://www.dailianmeng.com/p2pblacklist/index.html?ajax=yw0&P2pBlacklist_page=21
Wed, 14 Sep 2016 21:36:26, INFO [getUserUrls] start to get user url:	http://www.dailianmeng.com/p2pblacklist/index.html?ajax=yw0&P2pBlacklist_page=22
Wed, 14 Sep 2016 21:36:27, INFO [getUserUrls] start to get user url:	http://www.dailianmeng.com/p2pblacklist/index.html?ajax=yw0&P2pBlacklist_page=23
Wed, 14 Sep 2016 21:36:28, INFO [getUserUrls] start to get user url:	http://www.dailianmeng.com/p2pblacklist/index.html?ajax=yw0&P2pBlacklist_page=24
Wed, 14 Sep 2016 21:36:29, INFO [getUserUrls] start to get user url:	http://www.dailianmeng.com/p2pblacklist/index.html?ajax=yw0&P2pBlacklist_page=25
Wed, 14 Sep 2016 21:36:29, INFO [getUserUrls] start to get user url:	http://www.dailianmeng.com/p2pblacklist/index.html?ajax=yw0&P2pBlacklist_page=26
Wed, 14 Sep 2016 21:36:30, INFO [getUserUrls] start to get user url:	http://www.dailianmeng.com/p2pblacklist/index.html?ajax=yw0&P2pBlacklist_page=27
Wed, 14 Sep 2016 21:36:31, INFO [getUserUrls] start to get user url:	http://www.dailianmeng.com/p2pblacklist/index.html?ajax=yw0&P2pBlacklist_page=28
Wed, 14 Sep 2016 21:36:32, INFO [getUserUrls] start to get user url:	http://www.dailianmeng.com/p2pblacklist/index.html?ajax=yw0&P2pBlacklist_page=29
Wed, 14 Sep 2016 21:36:32, INFO [getUserUrls] start to get user url:	http://www.dailianmeng.com/p2pblacklist/index.html?ajax=yw0&P2pBlacklist_page=30
Wed, 14 Sep 2016 21:36:33, INFO [getUserUrls] start to get user url:	http://www.dailianmeng.com/p2pblacklist/index.html?ajax=yw0&P2pBlacklist_page=31
Wed, 14 Sep 2016 21:36:34, INFO [getUserUrls] start to get user url:	http://www.dailianmeng.com/p2pblacklist/index.html?ajax=yw0&P2pBlacklist_page=32
Wed, 14 Sep 2016 21:36:35, INFO [getUserUrls] start to get user url:	http://www.dailianmeng.com/p2pblacklist/index.html?ajax=yw0&P2pBlacklist_page=33
Wed, 14 Sep 2016 21:36:35, INFO [getUserUrls] start to get user url:	http://www.dailianmeng.com/p2pblacklist/index.html?ajax=yw0&P2pBlacklist_page=34
Wed, 14 Sep 2016 21:36:36, INFO [getUserUrls] start to get user url:	http://www.dailianmeng.com/p2pblacklist/index.html?ajax=yw0&P2pBlacklist_page=35
Wed, 14 Sep 2016 21:36:37, INFO [getUserUrls] start to get user url:	http://www.dailianmeng.com/p2pblacklist/index.html?ajax=yw0&P2pBlacklist_page=36
Wed, 14 Sep 2016 21:36:38, INFO [getUserUrls] start to get user url:	http://www.dailianmeng.com/p2pblacklist/index.html?ajax=yw0&P2pBlacklist_page=37
Wed, 14 Sep 2016 21:36:39, INFO [getUserUrls] start to get user url:	http://www.dailianmeng.com/p2pblacklist/index.html?ajax=yw0&P2pBlacklist_page=38
Wed, 14 Sep 2016 21:36:39, INFO [getUserUrls] start to get user url:	http://www.dailianmeng.com/p2pblacklist/index.html?ajax=yw0&P2pBlacklist_page=39
Wed, 14 Sep 2016 21:36:40, INFO [getUserUrls] start to get user url:	http://www.dailianmeng.com/p2pblacklist/index.html?ajax=yw0&P2pBlacklist_page=40
Wed, 14 Sep 2016 21:36:41, INFO [getUserUrls] start to get user url:	http://www.dailianmeng.com/p2pblacklist/index.html?ajax=yw0&P2pBlacklist_page=41
Wed, 14 Sep 2016 21:36:41, INFO [getUserUrls] start to get user url:	http://www.dailianmeng.com/p2pblacklist/index.html?ajax=yw0&P2pBlacklist_page=42
Wed, 14 Sep 2016 21:36:42, INFO [getUserUrls] start to get user url:	http://www.dailianmeng.com/p2pblacklist/index.html?ajax=yw0&P2pBlacklist_page=43
Wed, 14 Sep 2016 21:36:43, INFO [getUserUrls] start to get user url:	http://www.dailianmeng.com/p2pblacklist/index.html?ajax=yw0&P2pBlacklist_page=44
Wed, 14 Sep 2016 21:36:44, INFO [getUserUrls] start to get user url:	http://www.dailianmeng.com/p2pblacklist/index.html?ajax=yw0&P2pBlacklist_page=45
Wed, 14 Sep 2016 21:36:44, INFO [getUserUrls] start to get user url:	http://www.dailianmeng.com/p2pblacklist/index.html?ajax=yw0&P2pBlacklist_page=46
Wed, 14 Sep 2016 21:36:45, INFO [getUserUrls] start to get user url:	http://www.dailianmeng.com/p2pblacklist/index.html?ajax=yw0&P2pBlacklist_page=47
Wed, 14 Sep 2016 21:36:46, INFO [getUserUrls] start to get user url:	http://www.dailianmeng.com/p2pblacklist/index.html?ajax=yw0&P2pBlacklist_page=48
Wed, 14 Sep 2016 21:36:47, INFO [getUserUrls] start to get user url:	http://www.dailianmeng.com/p2pblacklist/index.html?ajax=yw0&P2pBlacklist_page=49
Wed, 14 Sep 2016 21:36:48, INFO [getUserUrls] start to get user url:	http://www.dailianmeng.com/p2pblacklist/index.html?ajax=yw0&P2pBlacklist_page=50
Wed, 14 Sep 2016 21:36:48, INFO [getUserUrls] start to get user url:	http://www.dailianmeng.com/p2pblacklist/index.html?ajax=yw0&P2pBlacklist_page=51
Wed, 14 Sep 2016 21:36:49, INFO [getUserUrls] start to get user url:	http://www.dailianmeng.com/p2pblacklist/index.html?ajax=yw0&P2pBlacklist_page=52
Wed, 14 Sep 2016 21:36:50, INFO [getUserUrls] start to get user url:	http://www.dailianmeng.com/p2pblacklist/index.html?ajax=yw0&P2pBlacklist_page=53
Wed, 14 Sep 2016 21:36:51, INFO [getUserUrls] start to get user url:	http://www.dailianmeng.com/p2pblacklist/index.html?ajax=yw0&P2pBlacklist_page=54
Wed, 14 Sep 2016 21:36:51, INFO [getUserUrls] start to get user url:	http://www.dailianmeng.com/p2pblacklist/index.html?ajax=yw0&P2pBlacklist_page=55
Wed, 14 Sep 2016 21:36:52, INFO [getUserUrls] start to get user url:	http://www.dailianmeng.com/p2pblacklist/index.html?ajax=yw0&P2pBlacklist_page=56
Wed, 14 Sep 2016 21:36:53, INFO [getUserUrls] start to get user url:	http://www.dailianmeng.com/p2pblacklist/index.html?ajax=yw0&P2pBlacklist_page=57
Wed, 14 Sep 2016 21:36:54, INFO [getUserUrls] start to get user url:	http://www.dailianmeng.com/p2pblacklist/index.html?ajax=yw0&P2pBlacklist_page=58
Wed, 14 Sep 2016 21:36:55, INFO [getUserUrls] start to get user url:	http://www.dailianmeng.com/p2pblacklist/index.html?ajax=yw0&P2pBlacklist_page=59
Wed, 14 Sep 2016 21:36:55, INFO [getUserUrls] start to get user url:	http://www.dailianmeng.com/p2pblacklist/index.html?ajax=yw0&P2pBlacklist_page=60
Wed, 14 Sep 2016 21:36:56, INFO [getUserUrls] start to get user url:	http://www.dailianmeng.com/p2pblacklist/index.html?ajax=yw0&P2pBlacklist_page=61
Wed, 14 Sep 2016 21:36:57, INFO [getUserUrls] start to get user url:	http://www.dailianmeng.com/p2pblacklist/index.html?ajax=yw0&P2pBlacklist_page=62
Wed, 14 Sep 2016 21:36:58, INFO [getUserUrls] start to get user url:	http://www.dailianmeng.com/p2pblacklist/index.html?ajax=yw0&P2pBlacklist_page=63
Wed, 14 Sep 2016 21:36:58, INFO [getUserUrls] start to get user url:	http://www.dailianmeng.com/p2pblacklist/index.html?ajax=yw0&P2pBlacklist_page=64
Wed, 14 Sep 2016 21:36:59, INFO [getUserUrls] start to get user url:	http://www.dailianmeng.com/p2pblacklist/index.html?ajax=yw0&P2pBlacklist_page=65
Wed, 14 Sep 2016 21:37:00, INFO [getUserUrls] start to get user url:	http://www.dailianmeng.com/p2pblacklist/index.html?ajax=yw0&P2pBlacklist_page=66
Wed, 14 Sep 2016 21:37:01, INFO [getUserUrls] start to get user url:	http://www.dailianmeng.com/p2pblacklist/index.html?ajax=yw0&P2pBlacklist_page=67
Wed, 14 Sep 2016 21:37:03, INFO [getUserUrls] start to get user url:	http://www.dailianmeng.com/p2pblacklist/index.html?ajax=yw0&P2pBlacklist_page=68
Wed, 14 Sep 2016 21:37:03, INFO [getUserUrls] start to get user url:	http://www.dailianmeng.com/p2pblacklist/index.html?ajax=yw0&P2pBlacklist_page=69
Wed, 14 Sep 2016 21:37:04, INFO [getUserUrls] start to get user url:	http://www.dailianmeng.com/p2pblacklist/index.html?ajax=yw0&P2pBlacklist_page=70
Wed, 14 Sep 2016 21:37:05, INFO [getUserUrls] start to get user url:	http://www.dailianmeng.com/p2pblacklist/index.html?ajax=yw0&P2pBlacklist_page=71
Wed, 14 Sep 2016 21:37:06, INFO [getUserUrls] start to get user url:	http://www.dailianmeng.com/p2pblacklist/index.html?ajax=yw0&P2pBlacklist_page=72
Wed, 14 Sep 2016 21:37:06, INFO [getUserUrls] start to get user url:	http://www.dailianmeng.com/p2pblacklist/index.html?ajax=yw0&P2pBlacklist_page=73
Wed, 14 Sep 2016 21:37:07, INFO [getUserUrls] start to get user url:	http://www.dailianmeng.com/p2pblacklist/index.html?ajax=yw0&P2pBlacklist_page=74
Wed, 14 Sep 2016 21:37:08, INFO [getUserUrls] start to get user url:	http://www.dailianmeng.com/p2pblacklist/index.html?ajax=yw0&P2pBlacklist_page=75
Wed, 14 Sep 2016 21:37:09, INFO [getUserUrls] start to get user url:	http://www.dailianmeng.com/p2pblacklist/index.html?ajax=yw0&P2pBlacklist_page=76
Wed, 14 Sep 2016 21:37:09, INFO [getUserUrls] start to get user url:	http://www.dailianmeng.com/p2pblacklist/index.html?ajax=yw0&P2pBlacklist_page=77
Wed, 14 Sep 2016 21:37:10, INFO [getUserUrls] start to get user url:	http://www.dailianmeng.com/p2pblacklist/index.html?ajax=yw0&P2pBlacklist_page=78
Wed, 14 Sep 2016 21:37:11, INFO [getUserUrls] start to get user url:	http://www.dailianmeng.com/p2pblacklist/index.html?ajax=yw0&P2pBlacklist_page=79
Wed, 14 Sep 2016 21:37:12, INFO [getUserUrls] start to get user url:	http://www.dailianmeng.com/p2pblacklist/index.html?ajax=yw0&P2pBlacklist_page=80
Wed, 14 Sep 2016 21:37:12, INFO [getUserUrls] start to get user url:	http://www.dailianmeng.com/p2pblacklist/index.html?ajax=yw0&P2pBlacklist_page=81
Wed, 14 Sep 2016 21:37:13, INFO [getUserUrls] start to get user url:	http://www.dailianmeng.com/p2pblacklist/index.html?ajax=yw0&P2pBlacklist_page=82
Wed, 14 Sep 2016 21:37:14, INFO [getUserUrls] start to get user url:	http://www.dailianmeng.com/p2pblacklist/index.html?ajax=yw0&P2pBlacklist_page=83
Wed, 14 Sep 2016 21:37:15, INFO [getUserUrls] start to get user url:	http://www.dailianmeng.com/p2pblacklist/index.html?ajax=yw0&P2pBlacklist_page=84
Wed, 14 Sep 2016 21:37:15, INFO [getUserUrls] start to get user url:	http://www.dailianmeng.com/p2pblacklist/index.html?ajax=yw0&P2pBlacklist_page=85
Wed, 14 Sep 2016 21:37:16, INFO [getUserUrls] start to get user url:	http://www.dailianmeng.com/p2pblacklist/index.html?ajax=yw0&P2pBlacklist_page=86
Wed, 14 Sep 2016 21:37:17, INFO [getUserUrls] start to get user url:	http://www.dailianmeng.com/p2pblacklist/index.html?ajax=yw0&P2pBlacklist_page=87
Wed, 14 Sep 2016 21:37:17, INFO [getUserUrls] start to get user url:	http://www.dailianmeng.com/p2pblacklist/index.html?ajax=yw0&P2pBlacklist_page=88
Wed, 14 Sep 2016 21:37:18, INFO [getUserUrls] start to get user url:	http://www.dailianmeng.com/p2pblacklist/index.html?ajax=yw0&P2pBlacklist_page=89
Wed, 14 Sep 2016 21:37:19, INFO [getUserUrls] start to get user url:	http://www.dailianmeng.com/p2pblacklist/index.html?ajax=yw0&P2pBlacklist_page=90
Wed, 14 Sep 2016 21:37:20, INFO [getUserUrls] start to get user url:	http://www.dailianmeng.com/p2pblacklist/index.html?ajax=yw0&P2pBlacklist_page=91
Wed, 14 Sep 2016 21:37:20, INFO [getUserUrls] start to get user url:	http://www.dailianmeng.com/p2pblacklist/index.html?ajax=yw0&P2pBlacklist_page=92
Wed, 14 Sep 2016 21:37:21, INFO [getUserUrls] start to get user url:	http://www.dailianmeng.com/p2pblacklist/index.html?ajax=yw0&P2pBlacklist_page=93
Wed, 14 Sep 2016 21:37:22, INFO [getUserUrls] start to get user url:	http://www.dailianmeng.com/p2pblacklist/index.html?ajax=yw0&P2pBlacklist_page=94
Wed, 14 Sep 2016 21:37:23, INFO [getUserUrls] start to get user url:	http://www.dailianmeng.com/p2pblacklist/index.html?ajax=yw0&P2pBlacklist_page=95
Wed, 14 Sep 2016 21:37:24, INFO [getUserUrls] start to get user url:	http://www.dailianmeng.com/p2pblacklist/index.html?ajax=yw0&P2pBlacklist_page=96
Wed, 14 Sep 2016 21:37:24, INFO [getUserUrls] start to get user url:	http://www.dailianmeng.com/p2pblacklist/index.html?ajax=yw0&P2pBlacklist_page=97
Wed, 14 Sep 2016 21:37:25, INFO [getUserUrls] start to get user url:	http://www.dailianmeng.com/p2pblacklist/index.html?ajax=yw0&P2pBlacklist_page=98
Wed, 14 Sep 2016 21:37:26, INFO [getUserUrls] start to get user url:	http://www.dailianmeng.com/p2pblacklist/index.html?ajax=yw0&P2pBlacklist_page=99
Wed, 14 Sep 2016 21:37:27, INFO [getUserUrls] start to get user url:	http://www.dailianmeng.com/p2pblacklist/index.html?ajax=yw0&P2pBlacklist_page=100
Wed, 14 Sep 2016 21:37:27, INFO [getUserUrls] start to get user url:	http://www.dailianmeng.com/p2pblacklist/index.html?ajax=yw0&P2pBlacklist_page=101
Wed, 14 Sep 2016 21:37:28, INFO [getUserUrls] start to get user url:	http://www.dailianmeng.com/p2pblacklist/index.html?ajax=yw0&P2pBlacklist_page=102
Wed, 14 Sep 2016 21:37:29, INFO [getUserUrls] start to get user url:	http://www.dailianmeng.com/p2pblacklist/index.html?ajax=yw0&P2pBlacklist_page=103
Wed, 14 Sep 2016 21:37:30, INFO [getUserUrls] start to get user url:	http://www.dailianmeng.com/p2pblacklist/index.html?ajax=yw0&P2pBlacklist_page=104
Wed, 14 Sep 2016 21:37:30, INFO [getUserUrls] start to get user url:	http://www.dailianmeng.com/p2pblacklist/index.html?ajax=yw0&P2pBlacklist_page=105
Wed, 14 Sep 2016 21:37:31, INFO [getUserUrls] start to get user url:	http://www.dailianmeng.com/p2pblacklist/index.html?ajax=yw0&P2pBlacklist_page=106
Wed, 14 Sep 2016 21:37:32, INFO [getUserUrls] start to get user url:	http://www.dailianmeng.com/p2pblacklist/index.html?ajax=yw0&P2pBlacklist_page=107
Wed, 14 Sep 2016 21:37:33, INFO [getUserUrls] start to get user url:	http://www.dailianmeng.com/p2pblacklist/index.html?ajax=yw0&P2pBlacklist_page=108
Wed, 14 Sep 2016 21:37:33, INFO [getUserUrls] start to get user url:	http://www.dailianmeng.com/p2pblacklist/index.html?ajax=yw0&P2pBlacklist_page=109
Wed, 14 Sep 2016 21:37:34, INFO [getUserUrls] start to get user url:	http://www.dailianmeng.com/p2pblacklist/index.html?ajax=yw0&P2pBlacklist_page=110
Wed, 14 Sep 2016 21:37:35, INFO [getUserUrls] start to get user url:	http://www.dailianmeng.com/p2pblacklist/index.html?ajax=yw0&P2pBlacklist_page=111
Wed, 14 Sep 2016 21:37:36, INFO [getUserUrls] start to get user url:	http://www.dailianmeng.com/p2pblacklist/index.html?ajax=yw0&P2pBlacklist_page=112
Wed, 14 Sep 2016 21:37:36, INFO [getUserUrls] start to get user url:	http://www.dailianmeng.com/p2pblacklist/index.html?ajax=yw0&P2pBlacklist_page=113
Wed, 14 Sep 2016 21:37:37, INFO [getUserUrls] start to get user url:	http://www.dailianmeng.com/p2pblacklist/index.html?ajax=yw0&P2pBlacklist_page=114
Wed, 14 Sep 2016 21:37:38, INFO [getUserUrls] start to get user url:	http://www.dailianmeng.com/p2pblacklist/index.html?ajax=yw0&P2pBlacklist_page=115
Wed, 14 Sep 2016 21:37:39, INFO [getUserUrls] start to get user url:	http://www.dailianmeng.com/p2pblacklist/index.html?ajax=yw0&P2pBlacklist_page=116
Wed, 14 Sep 2016 21:37:39, INFO [getUserUrls] start to get user url:	http://www.dailianmeng.com/p2pblacklist/index.html?ajax=yw0&P2pBlacklist_page=117
Wed, 14 Sep 2016 21:37:40, INFO [getUserUrls] start to get user url:	http://www.dailianmeng.com/p2pblacklist/index.html?ajax=yw0&P2pBlacklist_page=118
Wed, 14 Sep 2016 21:37:41, INFO [getUserUrls] start to get user url:	http://www.dailianmeng.com/p2pblacklist/index.html?ajax=yw0&P2pBlacklist_page=119
Wed, 14 Sep 2016 21:37:42, INFO [getUserUrls] start to get user url:	http://www.dailianmeng.com/p2pblacklist/index.html?ajax=yw0&P2pBlacklist_page=120
Wed, 14 Sep 2016 21:37:42, INFO [getUserUrls] start to get user url:	http://www.dailianmeng.com/p2pblacklist/index.html?ajax=yw0&P2pBlacklist_page=121
Wed, 14 Sep 2016 21:37:43, INFO [getUserUrls] start to get user url:	http://www.dailianmeng.com/p2pblacklist/index.html?ajax=yw0&P2pBlacklist_page=122
Wed, 14 Sep 2016 21:37:44, INFO [getUserUrls] start to get user url:	http://www.dailianmeng.com/p2pblacklist/index.html?ajax=yw0&P2pBlacklist_page=123
Wed, 14 Sep 2016 21:37:45, INFO [getUserUrls] start to get user url:	http://www.dailianmeng.com/p2pblacklist/index.html?ajax=yw0&P2pBlacklist_page=124
Wed, 14 Sep 2016 21:37:46, INFO [getUserUrls] start to get user url:	http://www.dailianmeng.com/p2pblacklist/index.html?ajax=yw0&P2pBlacklist_page=125
Wed, 14 Sep 2016 21:37:47, INFO [getUserUrls] start to get user url:	http://www.dailianmeng.com/p2pblacklist/index.html?ajax=yw0&P2pBlacklist_page=126
Wed, 14 Sep 2016 21:37:48, INFO [getUserUrls] start to get user url:	http://www.dailianmeng.com/p2pblacklist/index.html?ajax=yw0&P2pBlacklist_page=127
Wed, 14 Sep 2016 21:37:49, INFO [getUserUrls] start to get user url:	http://www.dailianmeng.com/p2pblacklist/index.html?ajax=yw0&P2pBlacklist_page=128
Wed, 14 Sep 2016 21:37:50, INFO [getUserUrls] start to get user url:	http://www.dailianmeng.com/p2pblacklist/index.html?ajax=yw0&P2pBlacklist_page=129
Wed, 14 Sep 2016 21:37:51, INFO [getUserUrls] start to get user url:	http://www.dailianmeng.com/p2pblacklist/index.html?ajax=yw0&P2pBlacklist_page=130
Wed, 14 Sep 2016 21:37:52, INFO [getUserUrls] start to get user url:	http://www.dailianmeng.com/p2pblacklist/index.html?ajax=yw0&P2pBlacklist_page=131
Wed, 14 Sep 2016 21:37:52, INFO [getUserUrls] start to get user url:	http://www.dailianmeng.com/p2pblacklist/index.html?ajax=yw0&P2pBlacklist_page=132
Wed, 14 Sep 2016 21:37:53, INFO [getUserUrls] start to get user url:	http://www.dailianmeng.com/p2pblacklist/index.html?ajax=yw0&P2pBlacklist_page=133
Wed, 14 Sep 2016 21:37:54, INFO [getUserUrls] start to get user url:	http://www.dailianmeng.com/p2pblacklist/index.html?ajax=yw0&P2pBlacklist_page=134
Wed, 14 Sep 2016 21:37:55, INFO [getUserUrls] start to get user url:	http://www.dailianmeng.com/p2pblacklist/index.html?ajax=yw0&P2pBlacklist_page=135
Wed, 14 Sep 2016 21:37:56, INFO [getUserUrls] start to get user url:	http://www.dailianmeng.com/p2pblacklist/index.html?ajax=yw0&P2pBlacklist_page=136
Wed, 14 Sep 2016 21:37:57, INFO [getUserUrls] start to get user url:	http://www.dailianmeng.com/p2pblacklist/index.html?ajax=yw0&P2pBlacklist_page=137
Wed, 14 Sep 2016 21:37:57, INFO [getUserUrls] start to get user url:	http://www.dailianmeng.com/p2pblacklist/index.html?ajax=yw0&P2pBlacklist_page=138
Wed, 14 Sep 2016 21:37:58, INFO [getUserUrls] start to get user url:	http://www.dailianmeng.com/p2pblacklist/index.html?ajax=yw0&P2pBlacklist_page=139
Wed, 14 Sep 2016 21:37:59, INFO [getUserUrls] start to get user url:	http://www.dailianmeng.com/p2pblacklist/index.html?ajax=yw0&P2pBlacklist_page=140
Wed, 14 Sep 2016 21:38:00, INFO [getUserUrls] start to get user url:	http://www.dailianmeng.com/p2pblacklist/index.html?ajax=yw0&P2pBlacklist_page=141
Wed, 14 Sep 2016 21:38:01, INFO [getUserUrls] start to get user url:	http://www.dailianmeng.com/p2pblacklist/index.html?ajax=yw0&P2pBlacklist_page=142
Wed, 14 Sep 2016 21:38:03, INFO [getUserUrls] start to get user url:	http://www.dailianmeng.com/p2pblacklist/index.html?ajax=yw0&P2pBlacklist_page=143
Wed, 14 Sep 2016 21:38:03, INFO [getUserUrls] start to get user url:	http://www.dailianmeng.com/p2pblacklist/index.html?ajax=yw0&P2pBlacklist_page=144
Wed, 14 Sep 2016 21:38:04, INFO [getUserUrls] start to get user url:	http://www.dailianmeng.com/p2pblacklist/index.html?ajax=yw0&P2pBlacklist_page=145
Wed, 14 Sep 2016 21:38:05, INFO [getUserUrls] start to get user url:	http://www.dailianmeng.com/p2pblacklist/index.html?ajax=yw0&P2pBlacklist_page=146
Wed, 14 Sep 2016 21:38:06, INFO [getUserUrls] start to get user url:	http://www.dailianmeng.com/p2pblacklist/index.html?ajax=yw0&P2pBlacklist_page=147
Wed, 14 Sep 2016 21:38:07, INFO [getUserUrls] start to get user url:	http://www.dailianmeng.com/p2pblacklist/index.html?ajax=yw0&P2pBlacklist_page=148
Wed, 14 Sep 2016 21:38:07, INFO [getUserUrls] start to get user url:	http://www.dailianmeng.com/p2pblacklist/index.html?ajax=yw0&P2pBlacklist_page=149
Wed, 14 Sep 2016 21:38:08, INFO [getUserUrls] start to get user url:	http://www.dailianmeng.com/p2pblacklist/index.html?ajax=yw0&P2pBlacklist_page=150
Wed, 14 Sep 2016 21:38:09, INFO [getUserUrls] start to get user url:	http://www.dailianmeng.com/p2pblacklist/index.html?ajax=yw0&P2pBlacklist_page=151
Wed, 14 Sep 2016 21:38:10, INFO [getUserUrls] start to get user url:	http://www.dailianmeng.com/p2pblacklist/index.html?ajax=yw0&P2pBlacklist_page=152
Wed, 14 Sep 2016 21:38:11, INFO [getUserUrls] start to get user url:	http://www.dailianmeng.com/p2pblacklist/index.html?ajax=yw0&P2pBlacklist_page=153
Wed, 14 Sep 2016 21:38:12, INFO [getUserUrls] start to get user url:	http://www.dailianmeng.com/p2pblacklist/index.html?ajax=yw0&P2pBlacklist_page=154
Wed, 14 Sep 2016 21:38:13, INFO [getUserUrls] start to get user url:	http://www.dailianmeng.com/p2pblacklist/index.html?ajax=yw0&P2pBlacklist_page=155
Wed, 14 Sep 2016 21:38:14, INFO [getUserUrls] start to get user url:	http://www.dailianmeng.com/p2pblacklist/index.html?ajax=yw0&P2pBlacklist_page=156
Wed, 14 Sep 2016 21:38:14, INFO [getUserUrls] start to get user url:	http://www.dailianmeng.com/p2pblacklist/index.html?ajax=yw0&P2pBlacklist_page=157
Wed, 14 Sep 2016 21:38:15, INFO [getUserUrls] start to get user url:	http://www.dailianmeng.com/p2pblacklist/index.html?ajax=yw0&P2pBlacklist_page=158
Wed, 14 Sep 2016 21:38:16, INFO [getUserUrls] start to get user url:	http://www.dailianmeng.com/p2pblacklist/index.html?ajax=yw0&P2pBlacklist_page=159
Wed, 14 Sep 2016 21:38:17, INFO [getUserUrls] start to get user url:	http://www.dailianmeng.com/p2pblacklist/index.html?ajax=yw0&P2pBlacklist_page=160
Wed, 14 Sep 2016 21:38:19, INFO [getUserUrls] start to get user url:	http://www.dailianmeng.com/p2pblacklist/index.html?ajax=yw0&P2pBlacklist_page=161
Wed, 14 Sep 2016 21:38:20, INFO [getUserUrls] start to get user url:	http://www.dailianmeng.com/p2pblacklist/index.html?ajax=yw0&P2pBlacklist_page=162
Wed, 14 Sep 2016 21:38:21, INFO [getUserUrls] start to get user url:	http://www.dailianmeng.com/p2pblacklist/index.html?ajax=yw0&P2pBlacklist_page=163
Wed, 14 Sep 2016 21:38:21, INFO [getUserUrls] start to get user url:	http://www.dailianmeng.com/p2pblacklist/index.html?ajax=yw0&P2pBlacklist_page=164
Wed, 14 Sep 2016 21:38:22, INFO [getUserUrls] start to get user url:	http://www.dailianmeng.com/p2pblacklist/index.html?ajax=yw0&P2pBlacklist_page=165
Wed, 14 Sep 2016 21:38:23, INFO [getUserUrls] start to get user url:	http://www.dailianmeng.com/p2pblacklist/index.html?ajax=yw0&P2pBlacklist_page=166
Wed, 14 Sep 2016 21:38:24, INFO [getUserUrls] start to get user url:	http://www.dailianmeng.com/p2pblacklist/index.html?ajax=yw0&P2pBlacklist_page=167
Wed, 14 Sep 2016 21:38:25, INFO [getUserUrls] start to get user url:	http://www.dailianmeng.com/p2pblacklist/index.html?ajax=yw0&P2pBlacklist_page=168
Thu, 15 Sep 2016 12:14:55, INFO [<module>] connect to table dlm_detail
Thu, 15 Sep 2016 12:16:15, INFO [<module>] connect to table dlm_detail
Thu, 15 Sep 2016 12:17:35, INFO [<module>] connect to table dlm_detail
Thu, 15 Sep 2016 12:18:03, INFO [<module>] connect to table dlm_detail
Thu, 15 Sep 2016 12:20:06, INFO [<module>] connect to table dlm_detail
Thu, 15 Sep 2016 12:40:17, INFO [<module>] connect to table dlm_detail
Thu, 15 Sep 2016 12:40:57, INFO [<module>] connect to table dlm_detail
Thu, 15 Sep 2016 12:41:50, INFO [<module>] connect to table dlm_detail
Thu, 15 Sep 2016 12:42:07, INFO [<module>] connect to table dlm_detail
Thu, 15 Sep 2016 12:42:35, INFO [<module>] connect to table dlm_detail
Thu, 15 Sep 2016 12:43:19, INFO [<module>] connect to table dlm_detail
Thu, 15 Sep 2016 12:47:47, INFO [<module>] connect to table dlm_detail
Thu, 15 Sep 2016 12:49:01, INFO [<module>] connect to table dlm_detail
Thu, 15 Sep 2016 12:49:52, INFO [<module>] connect to table dlm_detail
Thu, 15 Sep 2016 12:50:12, INFO [<module>] connect to table dlm_detail
Thu, 15 Sep 2016 12:51:18, INFO [<module>] connect to table dlm_detail
Thu, 15 Sep 2016 12:54:59, INFO [<module>] connect to table dlm_detail
Thu, 15 Sep 2016 12:55:55, INFO [<module>] connect to table new_ygdai_detail
Thu, 15 Sep 2016 12:58:03, INFO [<module>] connect to table new_ygdai_detail
Thu, 15 Sep 2016 12:59:10, INFO [<module>] connect to table new_ygdai_detail
Thu, 15 Sep 2016 13:08:31, INFO [<module>] connect to table new_ygdai_detail
Thu, 15 Sep 2016 13:10:57, INFO [<module>] connect to table new_ygdai_detail
Thu, 15 Sep 2016 13:11:23, INFO [<module>] connect to table new_ygdai_detail
Thu, 15 Sep 2016 13:11:39, INFO [<module>] connect to table new_ygdai_detail
Thu, 15 Sep 2016 13:12:02, INFO [<module>] connect to table new_ygdai_detail
Thu, 15 Sep 2016 13:12:57, INFO [<module>] connect to table dlm_detail
Thu, 15 Sep 2016 13:14:19, INFO [<module>] connect to table dlm_detail
Thu, 15 Sep 2016 13:15:39, INFO [<module>] connect to table dlm_detail
Thu, 15 Sep 2016 13:16:10, INFO [<module>] connect to table dlm_detail
Thu, 15 Sep 2016 13:16:44, INFO [<module>] connect to table dlm_detail
Thu, 15 Sep 2016 13:17:17, INFO [<module>] connect to table dlm_detail
Thu, 15 Sep 2016 13:18:20, INFO [<module>] connect to table dlm_detail
Thu, 15 Sep 2016 13:18:57, INFO [<module>] connect to table new_ygdai_detail
Thu, 15 Sep 2016 13:19:08, INFO [<module>] connect to table dlm_detail
Thu, 15 Sep 2016 13:22:04, INFO [<module>] connect to table dlm_detail
Thu, 15 Sep 2016 13:22:43, INFO [<module>] connect to table dlm_detail
Thu, 15 Sep 2016 13:24:19, INFO [<module>] connect to table dlm_detail
Thu, 15 Sep 2016 13:25:00, INFO [<module>] connect to table dlm_detail
Thu, 15 Sep 2016 13:25:23, INFO [<module>] connect to table dlm_detail
Thu, 15 Sep 2016 13:27:17, INFO [<module>] connect to table dlm_detail
Thu, 15 Sep 2016 13:29:12, INFO [<module>] connect to table dlm_detail
Thu, 15 Sep 2016 13:29:35, INFO [<module>] connect to table dlm_detail
Thu, 15 Sep 2016 13:30:48, INFO [<module>] connect to table dlm_detail
Thu, 15 Sep 2016 13:32:17, INFO [<module>] connect to table new_ygdai_detail
